[2023-08-05 09:52:17] [1] [WARN] Reporting disabled: using no op test run registrar
[2023-08-05 09:52:17] [1] [INFO] TEST [Default test - testNavBarTextAndLinkPresenceValidation] STARTED at [04:52:17 2023-08-05]
[2023-08-05 09:52:17] [1] [INFO] Starting driver session...
[2023-08-05 09:52:21] [1] [INFO] Driver session started.
[2023-08-05 09:52:21] [1] [INFO] INFO: opening url 'http://zebrunner.github.io/carina/'
[2023-08-05 09:52:22] [1] [INFO] Getting navigation bar heading text : Carina
[2023-08-05 09:52:22] [1] [INFO] Checking presence of navigation bar links
[2023-08-05 09:52:22] [1] [INFO] Checking if correct navigation bar link is highlighted
[2023-08-05 09:52:23] [1] [ERROR] TEST [Default test - testNavBarTextAndLinkPresenceValidation] FAILED at [04:52:23 2023-08-05] - class com.zebrunner.carina.webdriver.decorator.ExtendedWebElement cannot be cast to class org.openqa.selenium.WebElement (com.zebrunner.carina.webdriver.decorator.ExtendedWebElement and org.openqa.selenium.WebElement are in unnamed module of loader 'app')

com.solvd.laba.carina.demo.gui.carinaDocsPages.desktop.OverviewPage.checkOverviewLinkHighlighted(OverviewPage.java:130)
com.solvd.laba.carina.carinaDocsWebTests.navigationValidation.testNavBarTextAndLinkPresenceValidation(navigationValidation.java:21)
java.base/jdk.internal.reflect.DirectMethodHandleAccessor.invoke(DirectMethodHandleAccessor.java:104)
java.base/java.lang.reflect.Method.invoke(Method.java:578)
org.testng.internal.invokers.MethodInvocationHelper.invokeMethod(MethodInvocationHelper.java:139)
org.testng.internal.invokers.TestInvoker.invokeMethod(TestInvoker.java:677)
org.testng.internal.invokers.TestInvoker.invokeTestMethod(TestInvoker.java:221)
org.testng.internal.invokers.MethodRunner.runInSequence(MethodRunner.java:50)
org.testng.internal.invokers.TestInvoker$MethodInvocationAgent.invoke(TestInvoker.java:969)
org.testng.internal.invokers.TestInvoker.invokeTestMethods(TestInvoker.java:194)
org.testng.internal.invokers.TestMethodWorker.invokeTestMethods(TestMethodWorker.java:148)
org.testng.internal.invokers.TestMethodWorker.run(TestMethodWorker.java:128)
java.base/java.util.ArrayList.forEach(ArrayList.java:1511)
org.testng.TestRunner.privateRun(TestRunner.java:829)
org.testng.TestRunner.run(TestRunner.java:602)
org.testng.SuiteRunner.runTest(SuiteRunner.java:437)
org.testng.SuiteRunner.runSequentially(SuiteRunner.java:431)
org.testng.SuiteRunner.privateRun(SuiteRunner.java:391)
org.testng.SuiteRunner.run(SuiteRunner.java:330)
org.testng.SuiteRunnerWorker.runSuite(SuiteRunnerWorker.java:52)
org.testng.SuiteRunnerWorker.run(SuiteRunnerWorker.java:95)
org.testng.TestNG.runSuitesSequentially(TestNG.java:1256)
org.testng.TestNG.runSuitesLocally(TestNG.java:1176)
org.testng.TestNG.runSuites(TestNG.java:1099)
org.testng.TestNG.run(TestNG.java:1067)
org.testng.remote.AbstractRemoteTestNG.run(AbstractRemoteTestNG.java:115)
org.testng.remote.RemoteTestNG.initAndRun(RemoteTestNG.java:251)
org.testng.remote.RemoteTestNG.main(RemoteTestNG.java:77)
